<?xml version="1.0" encoding="UTF-8"?>
<testng-results ignored="0" total="1" passed="1" failed="0" skipped="0">
  <reporter-output>
  </reporter-output>
  <suite started-at="2025-08-29T20:25:24 IST" name="Default suite" finished-at="2025-08-29T20:25:43 IST" duration-ms="18631">
    <groups>
    </groups>
    <test started-at="2025-08-29T20:25:24 IST" name="Default test" finished-at="2025-08-29T20:25:43 IST" duration-ms="18631">
      <class name="rahulshettyacademy.tests.SubmitOrderTest">
        <test-method is-config="true" signature="launchApplication()[pri:0, instance:rahulshettyacademy.tests.SubmitOrderTest@4d1c00d0]" started-at="2025-08-29T20:25:24 IST" name="launchApplication" finished-at="2025-08-29T20:25:27 IST" duration-ms="2739" status="PASS">
          <reporter-output>
          </reporter-output>
        </test-method> <!-- launchApplication -->
        <test-method signature="submitOrder()[pri:0, instance:rahulshettyacademy.tests.SubmitOrderTest@4d1c00d0]" started-at="2025-08-29T20:25:27 IST" name="submitOrder" finished-at="2025-08-29T20:25:43 IST" duration-ms="15576" status="PASS">
          <reporter-output>
          </reporter-output>
        </test-method> <!-- submitOrder -->
        <test-method is-config="true" signature="browserClose()[pri:0, instance:rahulshettyacademy.tests.SubmitOrderTest@4d1c00d0]" started-at="2025-08-29T20:25:43 IST" name="browserClose" finished-at="2025-08-29T20:25:43 IST" duration-ms="252" status="PASS">
          <reporter-output>
          </reporter-output>
        </test-method> <!-- browserClose -->
      </class> <!-- rahulshettyacademy.tests.SubmitOrderTest -->
    </test> <!-- Default test -->
  </suite> <!-- Default suite -->
</testng-results>
